<?xml version="1.0" encoding="UTF-8"?>
<testng-results ignored="0" total="1" passed="1" failed="0" skipped="0">
  <reporter-output>
  </reporter-output>
  <suite started-at="2025-10-09T00:36:33 IST" name="LoginSuite" finished-at="2025-10-09T00:36:39 IST" duration-ms="5828">
    <groups>
    </groups>
    <test started-at="2025-10-09T00:36:33 IST" name="LoginTest" finished-at="2025-10-09T00:36:39 IST" duration-ms="5828">
      <class name="tests.LoginTest">
        <test-method is-config="true" signature="setup()[pri:0, instance:tests.LoginTest@3023df74]" started-at="2025-10-09T00:36:33 IST" name="setup" finished-at="2025-10-09T00:36:36 IST" duration-ms="2591" status="PASS">
          <reporter-output>
          </reporter-output>
        </test-method> <!-- setup -->
        <test-method signature="validLogin()[pri:0, instance:tests.LoginTest@3023df74]" started-at="2025-10-09T00:36:36 IST" name="validLogin" finished-at="2025-10-09T00:36:39 IST" duration-ms="2800" status="PASS">
          <reporter-output>
          </reporter-output>
        </test-method> <!-- validLogin -->
        <test-method is-config="true" signature="tearDown()[pri:0, instance:tests.LoginTest@3023df74]" started-at="2025-10-09T00:36:39 IST" name="tearDown" finished-at="2025-10-09T00:36:39 IST" duration-ms="368" status="PASS">
          <reporter-output>
          </reporter-output>
        </test-method> <!-- tearDown -->
      </class> <!-- tests.LoginTest -->
    </test> <!-- LoginTest -->
  </suite> <!-- LoginSuite -->
</testng-results>
